<?xml version="1.0" encoding="UTF-8" ?>
<testsuites>
<testsuite name="Validate articles functionality" errors="0" tests="4" failures="0" time="0.391" timestamp="2022-11-17T20:10:49">
  <testcase classname="Validate articles functionality" name="return a requested article, all requested articles by a user, or array of articles in the loggedInUser feed" time="0.122"></testcase>
  <testcase classname="Validate articles functionality" name="return a requested article, all requested articles by a user, or array of articles in the loggedInUser feed" time="0.093"></testcase>
  <testcase classname="Validate articles functionality" name="return article with given id" time="0.081"></testcase>
  <testcase classname="Validate articles functionality" name="return article with given id" time="0.094"></testcase>
</testsuite>
</testsuites>