<?xml version="1.0" encoding="UTF-8" ?>
<testsuites>
<testsuite name="Validate Registration, Login, and Logout functionality" errors="0" tests="3" failures="0" time="0.07" timestamp="2022-11-17T20:10:49">
  <testcase classname="Validate Registration, Login, and Logout functionality" name="register new user" time="0.016"></testcase>
  <testcase classname="Validate Registration, Login, and Logout functionality" name="login user" time="0.042"></testcase>
  <testcase classname="Validate Registration, Login, and Logout functionality" name="logout user" time="0.011"></testcase>
</testsuite>
</testsuites>